Added Component: Designator=*(*BGA140N35P12X12_447X443X69N)
Add component. Clean all parameters for all variants
Add component (AddParameter): Name = "ComponentLink1Description"; Value = "http://www.cypress.com/file/298786/download?src-supplier=Digi-Key"; VariantName = "[No Variations]"
Add component (AddParameter): Name = "ComponentLink1URL"; Value = "http://www.cypress.com/file/298786/download?src-supplier=Digi-Key"; VariantName = "[No Variations]"
Add component (AddParameter): Name = "Current - Receiving"; Value = "55mA"; VariantName = "[No Variations]"
Add component (AddParameter): Name = "Current - Transmitting"; Value = "400mA"; VariantName = "[No Variations]"
Add component (AddParameter): Name = "Data Rate"; Value = "433.3Mbps"; VariantName = "[No Variations]"
Add component (AddParameter): Name = "Frequency"; Value = "5GHz"; VariantName = "[No Variations]"
Add component (AddParameter): Name = "Interface"; Value = "SPI"; VariantName = "[No Variations]"
Add component (AddParameter): Name = "Manufacturer 1"; Value = "Cypress"; VariantName = "[No Variations]"
Add component (AddParameter): Name = "Manufacturer Part Number 1"; Value = "CYW43455XKUBGT"; VariantName = "[No Variations]"
Add component (AddParameter): Name = "Max Operating Temperature"; Value = "85°C"; VariantName = "[No Variations]"
Add component (AddParameter): Name = "Min Operating Temperature"; Value = "-30°C"; VariantName = "[No Variations]"
Add component (AddParameter): Name = "Number of GPIO"; Value = "15"; VariantName = "[No Variations]"
Add component (AddParameter): Name = "Packaging"; Value = "Tape and Reel"; VariantName = "[No Variations]"
Add component (AddParameter): Name = "Pricing 1"; Value = "1=11,04100, 10=10,17800, 25=9,54200, 100=8,48600, 250=8,08700, 500=7,59200, 1000=7,19100, 3000=6,47190 (USD)"; VariantName = "[No Variations]"
Add component (AddParameter): Name = "RoHS"; Value = "No"; VariantName = "[No Variations]"
Add component (AddParameter): Name = "Sensitivity"; Value = "-95.5dBm"; VariantName = "[No Variations]"
Add component (AddParameter): Name = "Stock 1"; Value = "4725"; VariantName = "[No Variations]"
Add component (AddParameter): Name = "Supplier 1"; Value = "Arrow"; VariantName = "[No Variations]"
Add component (AddParameter): Name = "Supplier Part Number 1"; Value = "CYW43455XKUBGT"; VariantName = "[No Variations]"
Added Component: Designator=E??(Ethertronics_M830520)
Add component. Clean all parameters for all variants
Add component (AddParameter): Name = "Alternate Manufacturer"; Value = "----"; VariantName = "[No Variations]"
Add component (AddParameter): Name = "Alternate PartNumber"; Value = "----"; VariantName = "[No Variations]"
Add component (AddParameter): Name = "ComponentLink1Description"; Value = "Datasheet URL"; VariantName = "[No Variations]"
Add component (AddParameter): Name = "ComponentLink1URL"; Value = "http://www.ethertronics.com/files/6014/0708/4228/Savvi_WLAN__8x3_M830510.pdf"; VariantName = "[No Variations]"
Add component (AddParameter): Name = "CompType"; Value = "Antenna"; VariantName = "[No Variations]"
Add component (AddParameter): Name = "LatestRevisionDate"; Value = "09/03/2017"; VariantName = "[No Variations]"
Add component (AddParameter): Name = "Manufacturer"; Value = "Ethertronics"; VariantName = "[No Variations]"
Add component (AddParameter): Name = "MountType"; Value = "SMT"; VariantName = "[No Variations]"
Add component (AddParameter): Name = "PackageReference"; Value = "8x3mm"; VariantName = "[No Variations]"
Add component (AddParameter): Name = "PartNumber"; Value = "M830520"; VariantName = "[No Variations]"
Add component (AddParameter): Name = "Publisher"; Value = "Texas Instruments"; VariantName = "[No Variations]"
Add component (AddParameter): Name = "RoHS"; Value = "Y"; VariantName = "[No Variations]"
Add component (AddParameter): Name = "SizeArea_mm2"; Value = "24"; VariantName = "[No Variations]"
Add component (AddParameter): Name = "SizeAreaWB_mm2"; Value = "50"; VariantName = "[No Variations]"
Add component (AddParameter): Name = "SizeX_mm"; Value = "3"; VariantName = "[No Variations]"
Add component (AddParameter): Name = "SizeY_mm"; Value = "8"; VariantName = "[No Variations]"
Add component (AddParameter): Name = "SizeZ_mm"; Value = "1.33"; VariantName = "[No Variations]"
Add component (AddParameter): Name = "Supplier 1"; Value = ""; VariantName = "[No Variations]"
Add component (AddParameter): Name = "Supplier 2"; Value = ""; VariantName = "[No Variations]"
Add component (AddParameter): Name = "Supplier 3"; Value = ""; VariantName = "[No Variations]"
Add component (AddParameter): Name = "Supplier Part Number 1"; Value = ""; VariantName = "[No Variations]"
Add component (AddParameter): Name = "Supplier Part Number 2"; Value = ""; VariantName = "[No Variations]"
Add component (AddParameter): Name = "Supplier Part Number 3"; Value = ""; VariantName = "[No Variations]"
Add component (AddParameter): Name = "Value"; Value = ""; VariantName = "[No Variations]"
Added Component: Designator=U?(*BGA153N50P14X14_1150X1300X100_MTFC4GACAAAM-1M_WT(Primary))
Add component. Clean all parameters for all variants
Add component (AddParameter): Name = "Availability"; Value = "Unavailable"; VariantName = "[No Variations]"
Add component (AddParameter): Name = "MF"; Value = "Micron Technology"; VariantName = "[No Variations]"
Add component (AddParameter): Name = "MP"; Value = "MTFC4GACAAAM-1M WT"; VariantName = "[No Variations]"
Add component (AddParameter): Name = "Package"; Value = "VFBGA-153 Micron"; VariantName = "[No Variations]"
Add component (AddParameter): Name = "Price"; Value = "None"; VariantName = "[No Variations]"
Add component (AddParameter): Name = "SnapEDA_Link"; Value = "https://www.snapeda.com/parts/MTFC4GACAAAM-1M%20WT/Micron%20Technology%20Inc./view-part/?ref=snap"; VariantName = "[No Variations]"
Add component (AddParameter): Name = "Value"; Value = ""; VariantName = "[No Variations]"
Added Component: Designator=U?(*SON127P600X500X80-9N)
Add component. Clean all parameters for all variants
Add component (AddParameter): Name = "Availability"; Value = "Unavailable"; VariantName = "[No Variations]"
Add component (AddParameter): Name = "MF"; Value = "Winbond"; VariantName = "[No Variations]"
Add component (AddParameter): Name = "MP"; Value = "W25Q32JVZPIQ"; VariantName = "[No Variations]"
Add component (AddParameter): Name = "Package"; Value = "WSON-8 Winbond"; VariantName = "[No Variations]"
Add component (AddParameter): Name = "Price"; Value = "None"; VariantName = "[No Variations]"
Add component (AddParameter): Name = "SnapEDA_Link"; Value = "https://www.snapeda.com/parts/W25Q32JVZPIQ/Winbond%20Electronics/view-part/?ref=snap"; VariantName = "[No Variations]"
Add component (AddParameter): Name = "Value"; Value = ""; VariantName = "[No Variations]"
Added Component: Designator=U?(*BGA96C80P9X16_900X1300X120_IS43TR16256AL-125KBL(Primary))
Add component. Clean all parameters for all variants
Add component (AddParameter): Name = "Availability"; Value = "Unavailable"; VariantName = "[No Variations]"
Add component (AddParameter): Name = "MF"; Value = "ISSI, Integrated"; VariantName = "[No Variations]"
Add component (AddParameter): Name = "MP"; Value = "IS43TR16256AL-125KBL"; VariantName = "[No Variations]"
Add component (AddParameter): Name = "Package"; Value = "TFBGA-96 ISSI"; VariantName = "[No Variations]"
Add component (AddParameter): Name = "Price"; Value = "None"; VariantName = "[No Variations]"
Add component (AddParameter): Name = "SnapEDA_Link"; Value = "https://www.snapeda.com/parts/IS43TR16256AL-125KBL/ISSI%2C%20Integrated%20Silicon%20Solution%20Inc/view-part/?ref=snap"; VariantName = "[No Variations]"
Add component (AddParameter): Name = "Value"; Value = ""; VariantName = "[No Variations]"
Added Class: Name=NNLightSwitcher_main
Added Room: Name=NNLightSwitcher_main
